Mon Dec 05 2016 19:21:25 GMT-0600 (CST): GET /
Mon Dec 05 2016 19:24:35 GMT-0600 (CST): GET /
Mon Dec 05 2016 19:25:23 GMT-0600 (CST): GET /
Mon Dec 05 2016 19:25:26 GMT-0600 (CST): GET /about
Mon Dec 05 2016 19:25:27 GMT-0600 (CST): GET /
Mon Dec 05 2016 19:25:27 GMT-0600 (CST): GET /about
Mon Dec 05 2016 19:25:28 GMT-0600 (CST): GET /
Mon Dec 05 2016 19:25:28 GMT-0600 (CST): GET /about
Mon Dec 05 2016 19:25:35 GMT-0600 (CST): GET /about
Mon Dec 05 2016 19:25:36 GMT-0600 (CST): GET /
Mon Dec 05 2016 19:25:37 GMT-0600 (CST): GET /about
Mon Dec 05 2016 19:26:40 GMT-0600 (CST): GET /about/jhyfjlfhj
Mon Dec 05 2016 19:30:04 GMT-0600 (CST): GET /about
Mon Dec 05 2016 19:31:43 GMT-0600 (CST): GET /about
Mon Dec 05 2016 19:34:10 GMT-0600 (CST): GET /help.html
Mon Dec 05 2016 19:34:49 GMT-0600 (CST): GET /help.html
Mon Dec 05 2016 19:34:54 GMT-0600 (CST): GET /
Mon Dec 05 2016 19:34:56 GMT-0600 (CST): GET /about
Mon Dec 05 2016 19:34:56 GMT-0600 (CST): GET /
Wed Dec 07 2016 18:43:34 GMT-0600 (CST): GET /
Wed Dec 07 2016 18:43:34 GMT-0600 (CST): GET /favicon.ico
Wed Dec 07 2016 18:43:34 GMT-0600 (CST): GET /favicon.ico
Wed Dec 07 2016 18:43:39 GMT-0600 (CST): GET /projects
Wed Dec 07 2016 18:43:42 GMT-0600 (CST): GET /
Wed Dec 07 2016 18:43:43 GMT-0600 (CST): GET /about
Wed Dec 07 2016 18:44:13 GMT-0600 (CST): GET /about
Wed Dec 07 2016 18:44:22 GMT-0600 (CST): GET /about
Wed Dec 07 2016 18:44:28 GMT-0600 (CST): GET /about
Wed Dec 07 2016 18:44:30 GMT-0600 (CST): GET /projects
Wed Dec 07 2016 18:44:32 GMT-0600 (CST): GET /
Wed Dec 07 2016 18:44:32 GMT-0600 (CST): GET /about
Wed Dec 07 2016 18:44:33 GMT-0600 (CST): GET /projects
Wed Dec 07 2016 18:45:06 GMT-0600 (CST): GET /projects
Wed Dec 07 2016 18:45:07 GMT-0600 (CST): GET /projects
Wed Dec 07 2016 18:45:08 GMT-0600 (CST): GET /about
Wed Dec 07 2016 18:45:09 GMT-0600 (CST): GET /
Wed Dec 07 2016 18:45:10 GMT-0600 (CST): GET /projects
Wed Dec 07 2016 18:45:29 GMT-0600 (CST): GET /projects
Wed Dec 07 2016 18:45:31 GMT-0600 (CST): GET /projects
Wed Dec 07 2016 18:45:32 GMT-0600 (CST): GET /projects
Wed Dec 07 2016 18:45:37 GMT-0600 (CST): GET /projects
Wed Dec 07 2016 18:46:42 GMT-0600 (CST): GET /projects
Wed Dec 07 2016 18:46:44 GMT-0600 (CST): GET /
Wed Dec 07 2016 18:46:46 GMT-0600 (CST): GET /about
Wed Dec 07 2016 18:46:47 GMT-0600 (CST): GET /projects
Wed Dec 07 2016 18:46:49 GMT-0600 (CST): GET /
Wed Dec 07 2016 18:46:50 GMT-0600 (CST): GET /about
Wed Dec 07 2016 18:46:51 GMT-0600 (CST): GET /projects
